2015/10/08 12:36:33 INFO  - jmeter.util.JMeterUtils: Setting Locale to en_US 
2015/10/08 12:36:33 INFO  - jmeter.JMeter: Loading user properties from: /Users/anuragkapur/tech-stuff/tools/apache-jmeter/apache-jmeter-2.13/bin/user.properties 
2015/10/08 12:36:33 INFO  - jmeter.JMeter: Loading system properties from: /Users/anuragkapur/tech-stuff/tools/apache-jmeter/apache-jmeter-2.13/bin/system.properties 
2015/10/08 12:36:33 INFO  - jmeter.JMeter: Copyright (c) 1998-2015 The Apache Software Foundation 
2015/10/08 12:36:33 INFO  - jmeter.JMeter: Version 2.13 r1665067 
2015/10/08 12:36:33 INFO  - jmeter.JMeter: java.version=1.8.0_45 
2015/10/08 12:36:33 INFO  - jmeter.JMeter: java.vm.name=Java HotSpot(TM) 64-Bit Server VM 
2015/10/08 12:36:33 INFO  - jmeter.JMeter: os.name=Mac OS X 
2015/10/08 12:36:33 INFO  - jmeter.JMeter: os.arch=x86_64 
2015/10/08 12:36:33 INFO  - jmeter.JMeter: os.version=10.11 
2015/10/08 12:36:33 INFO  - jmeter.JMeter: file.encoding=UTF-8 
2015/10/08 12:36:33 INFO  - jmeter.JMeter: Default Locale=English (United States) 
2015/10/08 12:36:33 INFO  - jmeter.JMeter: JMeter  Locale=English (United States) 
2015/10/08 12:36:33 INFO  - jmeter.JMeter: JMeterHome=/Users/anuragkapur/tech-stuff/tools/apache-jmeter/apache-jmeter-2.13 
2015/10/08 12:36:33 INFO  - jmeter.JMeter: user.dir  =/Users/anuragkapur/tech-stuff/tools/apache-jmeter/apache-jmeter-2.13/bin 
2015/10/08 12:36:33 INFO  - jmeter.JMeter: PWD       =/Users/anuragkapur/tech-stuff/tools/apache-jmeter/apache-jmeter-2.13/bin 
2015/10/08 12:36:33 INFO  - jmeter.JMeter: IP: 10.113.192.20 Name: ak-skynet FullName: 10.113.192.20 
2015/10/08 12:36:34 INFO  - jmeter.gui.action.LookAndFeelCommand: Using look and feel: com.apple.laf.AquaLookAndFeel [Mac OS X, System] 
2015/10/08 12:36:34 INFO  - jmeter.JMeter: Loaded icon properties from org/apache/jmeter/images/icon.properties 
2015/10/08 12:36:34 INFO  - jmeter.engine.util.CompoundVariable: Note: Function class names must contain the string: '.functions.' 
2015/10/08 12:36:34 INFO  - jmeter.engine.util.CompoundVariable: Note: Function class names must not contain the string: '.gui.' 
2015/10/08 12:36:35 INFO  - jmeter.util.BSFTestElement: Registering JMeter version of JavaScript engine as work-round for BSF-22 
2015/10/08 12:36:35 INFO  - jmeter.protocol.http.sampler.HTTPSamplerBase: Cannot find .className property for htmlParser, using default 
2015/10/08 12:36:35 INFO  - jmeter.protocol.http.sampler.HTTPSamplerBase: Parser for text/html is  
2015/10/08 12:36:35 INFO  - jmeter.protocol.http.sampler.HTTPSamplerBase: Parser for application/xhtml+xml is  
2015/10/08 12:36:35 INFO  - jmeter.protocol.http.sampler.HTTPSamplerBase: Parser for application/xml is  
2015/10/08 12:36:35 INFO  - jmeter.protocol.http.sampler.HTTPSamplerBase: Parser for text/xml is  
2015/10/08 12:36:35 INFO  - jmeter.protocol.http.sampler.HTTPSamplerBase: Parser for text/vnd.wap.wml is org.apache.jmeter.protocol.http.parser.RegexpHTMLParser 
2015/10/08 12:36:35 INFO  - jmeter.gui.util.MenuFactory: Skipping org.apache.jmeter.protocol.http.control.gui.WebServiceSamplerGui 
2015/10/08 12:36:35 INFO  - jmeter.gui.util.MenuFactory: Skipping org.apache.jmeter.protocol.http.modifier.gui.ParamModifierGui 
2015/10/08 12:36:35 INFO  - jorphan.exec.KeyToolUtils: keytool found at 'keytool' 
2015/10/08 12:36:35 INFO  - jmeter.protocol.http.proxy.ProxyControl: HTTP(S) Test Script Recorder SSL Proxy will use keys that support embedded 3rd party resources in file /Users/anuragkapur/tech-stuff/tools/apache-jmeter/apache-jmeter-2.13/bin/proxyserver.jks 
2015/10/08 12:36:36 INFO  - jmeter.samplers.SampleResult: Note: Sample TimeStamps are START times 
2015/10/08 12:36:36 INFO  - jmeter.samplers.SampleResult: sampleresult.default.encoding is set to ISO-8859-1 
2015/10/08 12:36:36 INFO  - jmeter.samplers.SampleResult: sampleresult.useNanoTime=true 
2015/10/08 12:36:36 INFO  - jmeter.samplers.SampleResult: sampleresult.nanoThreadSleep=5000 
2015/10/08 12:36:51 INFO  - jmeter.services.FileServer: Default base='/Users/anuragkapur/tech-stuff/tools/apache-jmeter/apache-jmeter-2.13/bin' 
2015/10/08 12:36:51 INFO  - jmeter.gui.action.Load: Loading file: /Users/anuragkapur/tech-stuff/tools/apache-jmeter/scripts/ft/session-api-direct-aws-api-gw.jmx 
2015/10/08 12:36:51 INFO  - jmeter.services.FileServer: Set new base='/Users/anuragkapur/tech-stuff/tools/apache-jmeter/scripts/ft' 
2015/10/08 12:36:51 INFO  - jmeter.save.SaveService: Testplan (JMX) version: 2.2. Testlog (JTL) version: 2.2 
2015/10/08 12:36:51 INFO  - jmeter.save.SaveService: Using SaveService properties file encoding UTF-8 
2015/10/08 12:36:51 INFO  - jmeter.save.SaveService: Using SaveService properties file version 1656252 
2015/10/08 12:36:51 INFO  - jmeter.save.SaveService: Using SaveService properties version 2.8 
2015/10/08 12:36:51 INFO  - jmeter.save.SaveService: All converter versions present and correct 
2015/10/08 12:36:51 INFO  - jmeter.save.SaveService: Loading file: /Users/anuragkapur/tech-stuff/tools/apache-jmeter/scripts/ft/session-api-direct-aws-api-gw.jmx 
2015/10/08 12:36:51 INFO  - jmeter.services.FileServer: Set new base='/Users/anuragkapur/tech-stuff/tools/apache-jmeter/scripts/ft' 
2015/10/08 12:38:56 INFO  - jmeter.engine.StandardJMeterEngine: Listeners will be started after enabling running version 
2015/10/08 12:38:56 INFO  - jmeter.engine.StandardJMeterEngine: To revert to the earlier behaviour, define jmeterengine.startlistenerslater=false 
2015/10/08 12:38:56 INFO  - jmeter.engine.StandardJMeterEngine: Running the test! 
2015/10/08 12:38:56 INFO  - jmeter.samplers.SampleEvent: List of sample_variables: [] 
2015/10/08 12:38:56 INFO  - jmeter.samplers.SampleEvent: List of sample_variables: [] 
2015/10/08 12:38:56 INFO  - jmeter.gui.util.JMeterMenuBar: setRunning(true,*local*) 
2015/10/08 12:38:56 INFO  - jmeter.engine.StandardJMeterEngine: Starting ThreadGroup: 1 : Thread Group 
2015/10/08 12:38:56 INFO  - jmeter.engine.StandardJMeterEngine: Starting 1 threads for group Thread Group. 
2015/10/08 12:38:56 INFO  - jmeter.engine.StandardJMeterEngine: Thread will continue on error 
2015/10/08 12:38:56 INFO  - jmeter.threads.ThreadGroup: Starting thread group number 1 threads 1 ramp-up 1 perThread 1000.0 delayedStart=false 
2015/10/08 12:38:56 INFO  - jmeter.threads.JMeterThread: jmeterthread.startearlier=true (see jmeter.properties) 
2015/10/08 12:38:56 INFO  - jmeter.threads.JMeterThread: Running PostProcessors in forward order 
2015/10/08 12:38:56 INFO  - jmeter.threads.ThreadGroup: Started thread group number 1 
2015/10/08 12:38:56 INFO  - jmeter.engine.StandardJMeterEngine: All thread groups have been started 
2015/10/08 12:38:56 INFO  - jmeter.threads.JMeterThread: Thread started: Thread Group 1-1 
2015/10/08 12:38:56 INFO  - jmeter.protocol.http.sampler.HTTPHCAbstractImpl: Local host = ak-skynet 
2015/10/08 12:38:56 INFO  - jmeter.protocol.http.sampler.HTTPHC4Impl: HTTP request retry count = 0 
2015/10/08 12:38:56 INFO  - jmeter.protocol.http.sampler.HTTPHC4Impl: Setting up HTTPS TrustAll scheme 
2015/10/08 12:38:56 INFO  - jmeter.util.JsseSSLManager: Using default SSL protocol: TLSv1.2 
2015/10/08 12:38:56 INFO  - jmeter.util.JsseSSLManager: SSL session context: per-thread 
2015/10/08 12:38:56 INFO  - jmeter.util.SSLManager: JmeterKeyStore Location:  type JKS 
2015/10/08 12:38:56 INFO  - jmeter.util.SSLManager: KeyStore created OK 
2015/10/08 12:38:56 WARN  - jmeter.util.SSLManager: Keystore file not found, loading empty keystore 
2015/10/08 12:38:59 INFO  - jmeter.gui.action.Start: Stopping test 
2015/10/08 12:38:59 INFO  - jmeter.threads.JMeterThread: Stopping: Thread Group 1-1 
2015/10/08 12:38:59 WARN  - jmeter.util.JMeterUtils: Interrupted in thread Thread Group 1-1 java.lang.InterruptedException
	at java.lang.Object.wait(Native Method)
	at java.lang.Object.wait(Object.java:502)
	at java.awt.EventQueue.invokeAndWait(EventQueue.java:1313)
	at java.awt.EventQueue.invokeAndWait(EventQueue.java:1294)
	at javax.swing.SwingUtilities.invokeAndWait(SwingUtilities.java:1348)
	at org.apache.jmeter.util.JMeterUtils.runSafe(JMeterUtils.java:1322)
	at org.apache.jmeter.visualizers.StatGraphVisualizer.add(StatGraphVisualizer.java:365)
	at org.apache.jmeter.reporters.ResultCollector.sendToVisualizer(ResultCollector.java:595)
	at org.apache.jmeter.reporters.ResultCollector.sampleOccurred(ResultCollector.java:571)
	at org.apache.jmeter.threads.ListenerNotifier.notifyListeners(ListenerNotifier.java:84)
	at org.apache.jmeter.threads.JMeterThread.notifyListeners(JMeterThread.java:796)
	at org.apache.jmeter.threads.JMeterThread.process_sampler(JMeterThread.java:456)
	at org.apache.jmeter.threads.JMeterThread.run(JMeterThread.java:261)
	at java.lang.Thread.run(Thread.java:745)

2015/10/08 12:38:59 INFO  - jmeter.threads.JMeterThread: Thread finished: Thread Group 1-1 
2015/10/08 12:38:59 INFO  - jmeter.engine.StandardJMeterEngine: Notifying test listeners of end of test 
2015/10/08 12:38:59 INFO  - jmeter.gui.util.JMeterMenuBar: setRunning(false,*local*) 
2015/10/08 12:39:50 INFO  - jmeter.engine.StandardJMeterEngine: Running the test! 
2015/10/08 12:39:50 INFO  - jmeter.samplers.SampleEvent: List of sample_variables: [] 
2015/10/08 12:39:50 INFO  - jmeter.gui.util.JMeterMenuBar: setRunning(true,*local*) 
2015/10/08 12:39:50 INFO  - jmeter.engine.StandardJMeterEngine: Starting ThreadGroup: 1 : Thread Group 
2015/10/08 12:39:50 INFO  - jmeter.engine.StandardJMeterEngine: Starting 1 threads for group Thread Group. 
2015/10/08 12:39:50 INFO  - jmeter.engine.StandardJMeterEngine: Thread will continue on error 
2015/10/08 12:39:50 INFO  - jmeter.threads.ThreadGroup: Starting thread group number 1 threads 1 ramp-up 1 perThread 1000.0 delayedStart=false 
2015/10/08 12:39:50 INFO  - jmeter.threads.ThreadGroup: Started thread group number 1 
2015/10/08 12:39:50 INFO  - jmeter.engine.StandardJMeterEngine: All thread groups have been started 
2015/10/08 12:39:50 INFO  - jmeter.threads.JMeterThread: Thread started: Thread Group 1-1 
2015/10/08 12:39:54 INFO  - jmeter.gui.action.Start: Stopping test 
2015/10/08 12:39:54 INFO  - jmeter.threads.JMeterThread: Stopping: Thread Group 1-1 
2015/10/08 12:39:54 WARN  - jmeter.threads.JMeterThread: Interrupting: Thread Group 1-1 sampler: HTTP Request 
2015/10/08 12:39:54 WARN  - jmeter.util.JMeterUtils: Interrupted in thread Thread Group 1-1 java.lang.InterruptedException
	at java.lang.Object.wait(Native Method)
	at java.lang.Object.wait(Object.java:502)
	at java.awt.EventQueue.invokeAndWait(EventQueue.java:1313)
	at java.awt.EventQueue.invokeAndWait(EventQueue.java:1294)
	at javax.swing.SwingUtilities.invokeAndWait(SwingUtilities.java:1348)
	at org.apache.jmeter.util.JMeterUtils.runSafe(JMeterUtils.java:1322)
	at org.apache.jmeter.visualizers.StatGraphVisualizer.add(StatGraphVisualizer.java:365)
	at org.apache.jmeter.reporters.ResultCollector.sendToVisualizer(ResultCollector.java:595)
	at org.apache.jmeter.reporters.ResultCollector.sampleOccurred(ResultCollector.java:571)
	at org.apache.jmeter.threads.ListenerNotifier.notifyListeners(ListenerNotifier.java:84)
	at org.apache.jmeter.threads.JMeterThread.notifyListeners(JMeterThread.java:796)
	at org.apache.jmeter.threads.JMeterThread.process_sampler(JMeterThread.java:456)
	at org.apache.jmeter.threads.JMeterThread.run(JMeterThread.java:261)
	at java.lang.Thread.run(Thread.java:745)

2015/10/08 12:39:54 INFO  - jmeter.threads.JMeterThread: Thread finished: Thread Group 1-1 
2015/10/08 12:39:54 INFO  - jmeter.engine.StandardJMeterEngine: Notifying test listeners of end of test 
2015/10/08 12:39:54 INFO  - jmeter.gui.util.JMeterMenuBar: setRunning(false,*local*) 
2015/10/08 12:40:56 INFO  - jmeter.engine.StandardJMeterEngine: Running the test! 
2015/10/08 12:40:56 INFO  - jmeter.samplers.SampleEvent: List of sample_variables: [] 
2015/10/08 12:40:56 INFO  - jmeter.gui.util.JMeterMenuBar: setRunning(true,*local*) 
2015/10/08 12:40:56 INFO  - jmeter.engine.StandardJMeterEngine: Starting ThreadGroup: 1 : Thread Group 
2015/10/08 12:40:56 INFO  - jmeter.engine.StandardJMeterEngine: Starting 1 threads for group Thread Group. 
2015/10/08 12:40:56 INFO  - jmeter.engine.StandardJMeterEngine: Thread will continue on error 
2015/10/08 12:40:56 INFO  - jmeter.threads.ThreadGroup: Starting thread group number 1 threads 1 ramp-up 1 perThread 1000.0 delayedStart=false 
2015/10/08 12:40:56 INFO  - jmeter.threads.ThreadGroup: Started thread group number 1 
2015/10/08 12:40:56 INFO  - jmeter.engine.StandardJMeterEngine: All thread groups have been started 
2015/10/08 12:40:56 INFO  - jmeter.threads.JMeterThread: Thread started: Thread Group 1-1 
2015/10/08 12:40:58 INFO  - jmeter.gui.action.Start: Stopping test 
2015/10/08 12:40:58 INFO  - jmeter.threads.JMeterThread: Stopping: Thread Group 1-1 
2015/10/08 12:40:58 WARN  - jmeter.util.JMeterUtils: Interrupted in thread Thread Group 1-1 java.lang.InterruptedException
	at java.lang.Object.wait(Native Method)
	at java.lang.Object.wait(Object.java:502)
	at java.awt.EventQueue.invokeAndWait(EventQueue.java:1313)
	at java.awt.EventQueue.invokeAndWait(EventQueue.java:1294)
	at javax.swing.SwingUtilities.invokeAndWait(SwingUtilities.java:1348)
	at org.apache.jmeter.util.JMeterUtils.runSafe(JMeterUtils.java:1322)
	at org.apache.jmeter.visualizers.StatGraphVisualizer.add(StatGraphVisualizer.java:365)
	at org.apache.jmeter.reporters.ResultCollector.sendToVisualizer(ResultCollector.java:595)
	at org.apache.jmeter.reporters.ResultCollector.sampleOccurred(ResultCollector.java:571)
	at org.apache.jmeter.threads.ListenerNotifier.notifyListeners(ListenerNotifier.java:84)
	at org.apache.jmeter.threads.JMeterThread.notifyListeners(JMeterThread.java:796)
	at org.apache.jmeter.threads.JMeterThread.process_sampler(JMeterThread.java:456)
	at org.apache.jmeter.threads.JMeterThread.run(JMeterThread.java:261)
	at java.lang.Thread.run(Thread.java:745)

2015/10/08 12:40:59 INFO  - jmeter.threads.JMeterThread: Thread finished: Thread Group 1-1 
2015/10/08 12:40:59 INFO  - jmeter.engine.StandardJMeterEngine: Notifying test listeners of end of test 
2015/10/08 12:40:59 INFO  - jmeter.gui.util.JMeterMenuBar: setRunning(false,*local*) 
2015/10/08 12:41:16 INFO  - jmeter.engine.StandardJMeterEngine: Running the test! 
2015/10/08 12:41:16 INFO  - jmeter.samplers.SampleEvent: List of sample_variables: [] 
2015/10/08 12:41:16 INFO  - jmeter.gui.util.JMeterMenuBar: setRunning(true,*local*) 
2015/10/08 12:41:16 INFO  - jmeter.engine.StandardJMeterEngine: Starting ThreadGroup: 1 : Thread Group 
2015/10/08 12:41:16 INFO  - jmeter.engine.StandardJMeterEngine: Starting 1 threads for group Thread Group. 
2015/10/08 12:41:16 INFO  - jmeter.engine.StandardJMeterEngine: Thread will continue on error 
2015/10/08 12:41:16 INFO  - jmeter.threads.ThreadGroup: Starting thread group number 1 threads 1 ramp-up 1 perThread 1000.0 delayedStart=false 
2015/10/08 12:41:16 INFO  - jmeter.threads.ThreadGroup: Started thread group number 1 
2015/10/08 12:41:16 INFO  - jmeter.engine.StandardJMeterEngine: All thread groups have been started 
2015/10/08 12:41:16 INFO  - jmeter.threads.JMeterThread: Thread started: Thread Group 1-1 
2015/10/08 12:41:21 INFO  - jmeter.gui.action.Start: Stopping test 
2015/10/08 12:41:21 INFO  - jmeter.threads.JMeterThread: Stopping: Thread Group 1-1 
2015/10/08 12:41:21 WARN  - jmeter.threads.JMeterThread: The delay timer was interrupted - probably did not wait as long as intended. 
2015/10/08 12:41:21 INFO  - jmeter.threads.JMeterThread: Thread finished: Thread Group 1-1 
2015/10/08 12:41:21 INFO  - jmeter.engine.StandardJMeterEngine: Notifying test listeners of end of test 
2015/10/08 12:41:21 INFO  - jmeter.gui.util.JMeterMenuBar: setRunning(false,*local*) 
2015/10/08 12:41:58 INFO  - jmeter.engine.StandardJMeterEngine: Running the test! 
2015/10/08 12:41:58 INFO  - jmeter.samplers.SampleEvent: List of sample_variables: [] 
2015/10/08 12:41:58 INFO  - jmeter.gui.util.JMeterMenuBar: setRunning(true,*local*) 
2015/10/08 12:41:58 INFO  - jmeter.engine.StandardJMeterEngine: Starting ThreadGroup: 1 : Thread Group 
2015/10/08 12:41:58 INFO  - jmeter.engine.StandardJMeterEngine: Starting 1 threads for group Thread Group. 
2015/10/08 12:41:58 INFO  - jmeter.engine.StandardJMeterEngine: Thread will continue on error 
2015/10/08 12:41:58 INFO  - jmeter.threads.ThreadGroup: Starting thread group number 1 threads 1 ramp-up 1 perThread 1000.0 delayedStart=false 
2015/10/08 12:41:58 INFO  - jmeter.threads.ThreadGroup: Started thread group number 1 
2015/10/08 12:41:58 INFO  - jmeter.engine.StandardJMeterEngine: All thread groups have been started 
2015/10/08 12:41:58 INFO  - jmeter.threads.JMeterThread: Thread started: Thread Group 1-1 
2015/10/08 12:42:04 INFO  - jmeter.gui.action.Start: Stopping test 
2015/10/08 12:42:04 INFO  - jmeter.threads.JMeterThread: Stopping: Thread Group 1-1 
2015/10/08 12:42:04 WARN  - jmeter.threads.JMeterThread: Interrupting: Thread Group 1-1 sampler: HTTP Request 
2015/10/08 12:42:04 WARN  - jmeter.util.JMeterUtils: Interrupted in thread Thread Group 1-1 java.lang.InterruptedException
	at java.lang.Object.wait(Native Method)
	at java.lang.Object.wait(Object.java:502)
	at java.awt.EventQueue.invokeAndWait(EventQueue.java:1313)
	at java.awt.EventQueue.invokeAndWait(EventQueue.java:1294)
	at javax.swing.SwingUtilities.invokeAndWait(SwingUtilities.java:1348)
	at org.apache.jmeter.util.JMeterUtils.runSafe(JMeterUtils.java:1322)
	at org.apache.jmeter.visualizers.StatGraphVisualizer.add(StatGraphVisualizer.java:365)
	at org.apache.jmeter.reporters.ResultCollector.sendToVisualizer(ResultCollector.java:595)
	at org.apache.jmeter.reporters.ResultCollector.sampleOccurred(ResultCollector.java:571)
	at org.apache.jmeter.threads.ListenerNotifier.notifyListeners(ListenerNotifier.java:84)
	at org.apache.jmeter.threads.JMeterThread.notifyListeners(JMeterThread.java:796)
	at org.apache.jmeter.threads.JMeterThread.process_sampler(JMeterThread.java:456)
	at org.apache.jmeter.threads.JMeterThread.run(JMeterThread.java:261)
	at java.lang.Thread.run(Thread.java:745)

2015/10/08 12:42:04 INFO  - jmeter.threads.JMeterThread: Thread finished: Thread Group 1-1 
2015/10/08 12:42:04 INFO  - jmeter.engine.StandardJMeterEngine: Notifying test listeners of end of test 
2015/10/08 12:42:04 INFO  - jmeter.gui.util.JMeterMenuBar: setRunning(false,*local*) 
2015/10/08 12:42:55 INFO  - jmeter.engine.StandardJMeterEngine: Running the test! 
2015/10/08 12:42:55 INFO  - jmeter.samplers.SampleEvent: List of sample_variables: [] 
2015/10/08 12:42:55 INFO  - jmeter.gui.util.JMeterMenuBar: setRunning(true,*local*) 
2015/10/08 12:42:55 INFO  - jmeter.engine.StandardJMeterEngine: Starting ThreadGroup: 1 : Thread Group 
2015/10/08 12:42:55 INFO  - jmeter.engine.StandardJMeterEngine: Starting 1 threads for group Thread Group. 
2015/10/08 12:42:55 INFO  - jmeter.engine.StandardJMeterEngine: Thread will continue on error 
2015/10/08 12:42:55 INFO  - jmeter.threads.ThreadGroup: Starting thread group number 1 threads 1 ramp-up 1 perThread 1000.0 delayedStart=false 
2015/10/08 12:42:55 INFO  - jmeter.threads.ThreadGroup: Started thread group number 1 
2015/10/08 12:42:55 INFO  - jmeter.engine.StandardJMeterEngine: All thread groups have been started 
2015/10/08 12:42:55 INFO  - jmeter.threads.JMeterThread: Thread started: Thread Group 1-1 
2015/10/08 12:42:58 INFO  - jmeter.gui.action.Start: Stopping test 
2015/10/08 12:42:58 INFO  - jmeter.threads.JMeterThread: Stopping: Thread Group 1-1 
2015/10/08 12:42:58 WARN  - jmeter.threads.JMeterThread: Interrupting: Thread Group 1-1 sampler: HTTP Request 
2015/10/08 12:42:58 WARN  - jmeter.util.JMeterUtils: Interrupted in thread Thread Group 1-1 java.lang.InterruptedException
	at java.lang.Object.wait(Native Method)
	at java.lang.Object.wait(Object.java:502)
	at java.awt.EventQueue.invokeAndWait(EventQueue.java:1313)
	at java.awt.EventQueue.invokeAndWait(EventQueue.java:1294)
	at javax.swing.SwingUtilities.invokeAndWait(SwingUtilities.java:1348)
	at org.apache.jmeter.util.JMeterUtils.runSafe(JMeterUtils.java:1322)
	at org.apache.jmeter.visualizers.StatGraphVisualizer.add(StatGraphVisualizer.java:365)
	at org.apache.jmeter.reporters.ResultCollector.sendToVisualizer(ResultCollector.java:595)
	at org.apache.jmeter.reporters.ResultCollector.sampleOccurred(ResultCollector.java:571)
	at org.apache.jmeter.threads.ListenerNotifier.notifyListeners(ListenerNotifier.java:84)
	at org.apache.jmeter.threads.JMeterThread.notifyListeners(JMeterThread.java:796)
	at org.apache.jmeter.threads.JMeterThread.process_sampler(JMeterThread.java:456)
	at org.apache.jmeter.threads.JMeterThread.run(JMeterThread.java:261)
	at java.lang.Thread.run(Thread.java:745)

2015/10/08 12:42:58 INFO  - jmeter.threads.JMeterThread: Thread finished: Thread Group 1-1 
2015/10/08 12:42:58 INFO  - jmeter.engine.StandardJMeterEngine: Notifying test listeners of end of test 
2015/10/08 12:42:58 INFO  - jmeter.gui.util.JMeterMenuBar: setRunning(false,*local*) 
2015/10/08 13:31:49 INFO  - jmeter.engine.StandardJMeterEngine: Running the test! 
2015/10/08 13:31:49 INFO  - jmeter.samplers.SampleEvent: List of sample_variables: [] 
2015/10/08 13:31:49 INFO  - jmeter.gui.util.JMeterMenuBar: setRunning(true,*local*) 
2015/10/08 13:31:49 INFO  - jmeter.engine.StandardJMeterEngine: Starting ThreadGroup: 1 : Thread Group 
2015/10/08 13:31:49 INFO  - jmeter.engine.StandardJMeterEngine: Starting 1 threads for group Thread Group. 
2015/10/08 13:31:49 INFO  - jmeter.engine.StandardJMeterEngine: Thread will continue on error 
2015/10/08 13:31:49 INFO  - jmeter.threads.ThreadGroup: Starting thread group number 1 threads 1 ramp-up 1 perThread 1000.0 delayedStart=false 
2015/10/08 13:31:49 INFO  - jmeter.threads.ThreadGroup: Started thread group number 1 
2015/10/08 13:31:49 INFO  - jmeter.engine.StandardJMeterEngine: All thread groups have been started 
2015/10/08 13:31:49 INFO  - jmeter.threads.JMeterThread: Thread started: Thread Group 1-1 
2015/10/08 13:31:57 INFO  - jmeter.threads.JMeterThread: Thread is done: Thread Group 1-1 
2015/10/08 13:31:57 INFO  - jmeter.threads.JMeterThread: Thread finished: Thread Group 1-1 
2015/10/08 13:31:57 INFO  - jmeter.engine.StandardJMeterEngine: Notifying test listeners of end of test 
2015/10/08 13:31:57 INFO  - jmeter.gui.util.JMeterMenuBar: setRunning(false,*local*) 
2015/10/08 13:32:26 INFO  - jmeter.engine.StandardJMeterEngine: Running the test! 
2015/10/08 13:32:26 INFO  - jmeter.samplers.SampleEvent: List of sample_variables: [] 
2015/10/08 13:32:26 INFO  - jmeter.gui.util.JMeterMenuBar: setRunning(true,*local*) 
2015/10/08 13:32:26 INFO  - jmeter.engine.StandardJMeterEngine: Starting ThreadGroup: 1 : Thread Group 
2015/10/08 13:32:26 INFO  - jmeter.engine.StandardJMeterEngine: Starting 1 threads for group Thread Group. 
2015/10/08 13:32:26 INFO  - jmeter.engine.StandardJMeterEngine: Thread will continue on error 
2015/10/08 13:32:26 INFO  - jmeter.threads.ThreadGroup: Starting thread group number 1 threads 1 ramp-up 1 perThread 1000.0 delayedStart=false 
2015/10/08 13:32:26 INFO  - jmeter.threads.ThreadGroup: Started thread group number 1 
2015/10/08 13:32:26 INFO  - jmeter.engine.StandardJMeterEngine: All thread groups have been started 
2015/10/08 13:32:26 INFO  - jmeter.threads.JMeterThread: Thread started: Thread Group 1-1 
2015/10/08 13:32:35 INFO  - jmeter.threads.JMeterThread: Thread is done: Thread Group 1-1 
2015/10/08 13:32:35 INFO  - jmeter.threads.JMeterThread: Thread finished: Thread Group 1-1 
2015/10/08 13:32:35 INFO  - jmeter.engine.StandardJMeterEngine: Notifying test listeners of end of test 
2015/10/08 13:32:35 INFO  - jmeter.gui.util.JMeterMenuBar: setRunning(false,*local*) 
